{
    "title": "Failing tests on Windows machine",
    "description": "\nI just posted on the Google Forums, but someway somehow my post immediately disappeared in the void. So I am reposting it again here.\nI have 3 failing tests on my Windows 8.1 machine.\n\nDefaultMockingDetailsTest.should_get_extra_interfaces\nNoJUnitDependenciesTest.pure_mockito_should_not_depend_JUnit___ByteBuddy\nClassLoadersTest.excluding_class_loader_cannot_load_classes_when_no_correct_source_url_set\n\nFor the first test, I was able to let it pass by changing line https://github.com/mockito/mockito/blob/master/test/org/mockito/internal/util/DefaultMockingDetailsTest.java#L56 to\nBar bar = mock(Bar.class, withSettings().extraInterfaces(List.class, Observer.class));\nI am not sure if this is indeed the correct test, so please let me know.\nFor the 2nd test, I first get the stack trace\njava.lang.AssertionError: 'org\\mockito\\configuration\\MockitoConfiguration' has some dependency to JUnit\n    at org.mockitointegration.NoJUnitDependenciesTest.checkDependency(NoJUnitDependenciesTest.java:40)\n    at org.mockitointegration.NoJUnitDependenciesTest.pure_mockito_should_not_depend_JUnit___ByteBuddy(NoJUnitDependenciesTest.java:32)\n    at sun.reflect.NativeMethodAccessorImpl.invoke0(Native Method)\n    at sun.reflect.NativeMethodAccessorImpl.invoke(NativeMethodAccessorImpl.java:62)\n    at sun.reflect.DelegatingMethodAccessorImpl.invoke(DelegatingMethodAccessorImpl.java:43)\n    at java.lang.reflect.Method.invoke(Method.java:497)\n    at org.junit.runners.model.FrameworkMethod$1.runReflectiveCall(FrameworkMethod.java:45)\n    at org.junit.internal.runners.model.ReflectiveCallable.run(ReflectiveCallable.java:15)\n    at org.junit.runners.model.FrameworkMethod.invokeExplosively(FrameworkMethod.java:42)\n    at org.junit.internal.runners.statements.InvokeMethod.evaluate(InvokeMethod.java:20)\n    at org.junit.runners.ParentRunner.runLeaf(ParentRunner.java:263)\n    at org.junit.runners.BlockJUnit4ClassRunner.runChild(BlockJUnit4ClassRunner.java:68)\n    at org.junit.runners.BlockJUnit4ClassRunner.runChild(BlockJUnit4ClassRunner.java:47)\n    at org.junit.runners.ParentRunner$3.run(ParentRunner.java:231)\n    at org.junit.runners.ParentRunner$1.schedule(ParentRunner.java:60)\n    at org.junit.runners.ParentRunner.runChildren(ParentRunner.java:229)\n    at org.junit.runners.ParentRunner.access$000(ParentRunner.java:50)\n    at org.junit.runners.ParentRunner$2.evaluate(ParentRunner.java:222)\n    at org.junit.runners.ParentRunner.run(ParentRunner.java:300)\n    at org.eclipse.jdt.internal.junit4.runner.JUnit4TestReference.run(JUnit4TestReference.java:50)\n    at org.eclipse.jdt.internal.junit.runner.TestExecution.run(TestExecution.java:38)\n    at org.eclipse.jdt.internal.junit.runner.RemoteTestRunner.runTests(RemoteTestRunner.java:459)\n    at org.eclipse.jdt.internal.junit.runner.RemoteTestRunner.runTests(RemoteTestRunner.java:675)\n    at org.eclipse.jdt.internal.junit.runner.RemoteTestRunner.run(RemoteTestRunner.java:382)\n    at org.eclipse.jdt.internal.junit.runner.RemoteTestRunner.main(RemoteTestRunner.java:192)\nCaused by: java.lang.NoClassDefFoundError: org\\mockito\\configuration\\MockitoConfiguration (wrong name: org/mockito/configuration/MockitoConfiguration)\n    at java.lang.ClassLoader.defineClass1(Native Method)\n    at java.lang.ClassLoader.defineClass(ClassLoader.java:760)\n    at java.security.SecureClassLoader.defineClass(SecureClassLoader.java:142)\n    at java.net.URLClassLoader.defineClass(URLClassLoader.java:467)\n    at java.net.URLClassLoader.access$100(URLClassLoader.java:73)\n    at java.net.URLClassLoader$1.run(URLClassLoader.java:368)\n    at java.net.URLClassLoader$1.run(URLClassLoader.java:362)\n    at java.security.AccessController.doPrivileged(Native Method)\n    at java.net.URLClassLoader.findClass(URLClassLoader.java:361)\n    at org.mockitoutil.ClassLoaders$LocalExcludingURLClassLoader.findClass(ClassLoaders.java:156)\n    at java.lang.ClassLoader.loadClass(ClassLoader.java:424)\n    at java.lang.ClassLoader.loadClass(ClassLoader.java:357)\n    at java.lang.Class.forName0(Native Method)\n    at java.lang.Class.forName(Class.java:348)\n    at org.mockitointegration.NoJUnitDependenciesTest.checkDependency(NoJUnitDependenciesTest.java:38)\n    ... 24 more\n\n\n\nWhen I change line https://github.com/mockito/mockito/blob/master/test/org/mockitoutil/ClassLoaders.java#L361 to\nString temp = file.getAbsolutePath().substring(root.getAbsolutePath().length() + 1).replace('/', '.').replace('\\\\', '.');\nI get the following stack trace:\njava.lang.AssertionError: 'org.mockito.internal.progress.TimesTest' has some dependency to JUnit\n    at org.mockitointegration.NoJUnitDependenciesTest.checkDependency(NoJUnitDependenciesTest.java:40)\n    at org.mockitointegration.NoJUnitDependenciesTest.pure_mockito_should_not_depend_JUnit___ByteBuddy(NoJUnitDependenciesTest.java:32)\n    at sun.reflect.NativeMethodAccessorImpl.invoke0(Native Method)\n    at sun.reflect.NativeMethodAccessorImpl.invoke(NativeMethodAccessorImpl.java:62)\n    at sun.reflect.DelegatingMethodAccessorImpl.invoke(DelegatingMethodAccessorImpl.java:43)\n    at java.lang.reflect.Method.invoke(Method.java:497)\n    at org.junit.runners.model.FrameworkMethod$1.runReflectiveCall(FrameworkMethod.java:45)\n    at org.junit.internal.runners.model.ReflectiveCallable.run(ReflectiveCallable.java:15)\n    at org.junit.runners.model.FrameworkMethod.invokeExplosively(FrameworkMethod.java:42)\n    at org.junit.internal.runners.statements.InvokeMethod.evaluate(InvokeMethod.java:20)\n    at org.junit.runners.ParentRunner.runLeaf(ParentRunner.java:263)\n    at org.junit.runners.BlockJUnit4ClassRunner.runChild(BlockJUnit4ClassRunner.java:68)\n    at org.junit.runners.BlockJUnit4ClassRunner.runChild(BlockJUnit4ClassRunner.java:47)\n    at org.junit.runners.ParentRunner$3.run(ParentRunner.java:231)\n    at org.junit.runners.ParentRunner$1.schedule(ParentRunner.java:60)\n    at org.junit.runners.ParentRunner.runChildren(ParentRunner.java:229)\n    at org.junit.runners.ParentRunner.access$000(ParentRunner.java:50)\n    at org.junit.runners.ParentRunner$2.evaluate(ParentRunner.java:222)\n    at org.junit.runners.ParentRunner.run(ParentRunner.java:300)\n    at org.eclipse.jdt.internal.junit4.runner.JUnit4TestReference.run(JUnit4TestReference.java:50)\n    at org.eclipse.jdt.internal.junit.runner.TestExecution.run(TestExecution.java:38)\n    at org.eclipse.jdt.internal.junit.runner.RemoteTestRunner.runTests(RemoteTestRunner.java:459)\n    at org.eclipse.jdt.internal.junit.runner.RemoteTestRunner.runTests(RemoteTestRunner.java:675)\n    at org.eclipse.jdt.internal.junit.runner.RemoteTestRunner.run(RemoteTestRunner.java:382)\n    at org.eclipse.jdt.internal.junit.runner.RemoteTestRunner.main(RemoteTestRunner.java:192)\nCaused by: java.lang.NoClassDefFoundError: junit/framework/Assert\n    at java.lang.ClassLoader.defineClass1(Native Method)\n    at java.lang.ClassLoader.defineClass(ClassLoader.java:760)\n    at java.security.SecureClassLoader.defineClass(SecureClassLoader.java:142)\n    at java.net.URLClassLoader.defineClass(URLClassLoader.java:467)\n    at java.net.URLClassLoader.access$100(URLClassLoader.java:73)\n    at java.net.URLClassLoader$1.run(URLClassLoader.java:368)\n    at java.net.URLClassLoader$1.run(URLClassLoader.java:362)\n    at java.security.AccessController.doPrivileged(Native Method)\n    at java.net.URLClassLoader.findClass(URLClassLoader.java:361)\n    at org.mockitoutil.ClassLoaders$LocalExcludingURLClassLoader.findClass(ClassLoaders.java:156)\n    at java.lang.ClassLoader.loadClass(ClassLoader.java:424)\n    at java.lang.ClassLoader.loadClass(ClassLoader.java:357)\n    at java.lang.ClassLoader.defineClass1(Native Method)\n    at java.lang.ClassLoader.defineClass(ClassLoader.java:760)\n    at java.security.SecureClassLoader.defineClass(SecureClassLoader.java:142)\n    at java.net.URLClassLoader.defineClass(URLClassLoader.java:467)\n    at java.net.URLClassLoader.access$100(URLClassLoader.java:73)\n    at java.net.URLClassLoader$1.run(URLClassLoader.java:368)\n    at java.net.URLClassLoader$1.run(URLClassLoader.java:362)\n    at java.security.AccessController.doPrivileged(Native Method)\n    at java.net.URLClassLoader.findClass(URLClassLoader.java:361)\n    at org.mockitoutil.ClassLoaders$LocalExcludingURLClassLoader.findClass(ClassLoaders.java:156)\n    at java.lang.ClassLoader.loadClass(ClassLoader.java:424)\n    at java.lang.ClassLoader.loadClass(ClassLoader.java:357)\n    at java.lang.Class.forName0(Native Method)\n    at java.lang.Class.forName(Class.java:348)\n    at org.mockitointegration.NoJUnitDependenciesTest.checkDependency(NoJUnitDependenciesTest.java:38)\n    ... 24 more\nCaused by: java.lang.ClassNotFoundException: classes with prefix : [junit, org.junit] are excluded\n    at org.mockitoutil.ClassLoaders$LocalExcludingURLClassLoader.findClass(ClassLoaders.java:155)\n    at java.lang.ClassLoader.loadClass(ClassLoader.java:424)\n    at java.lang.ClassLoader.loadClass(ClassLoader.java:357)\n    ... 51 more\n\nThe reason I changed that line is because the temp result does not contain dots on windows machines, due to the fact that absolutepath does not return a path seperated by / but by \\\\.\nHowever then the test fails because the TimesTest in test/ does indeed depend on junit. Shouldn't it only load classes that are under src/?\nThe 3rd test I sadly have no clue why it is succeeding and not throwing an exception.\nLooking forward to your responses =]\n"
}